C:\USERS\FANGWEI\DESKTOP\DRAWPCM\DRAWPCM\DRAWPCM\DEBUG\QRC_DRAWPCM.OBJ
C:\USERS\FANGWEI\DESKTOP\DRAWPCM\DRAWPCM\DRAWPCM\DEBUG\VC110.PDB
C:\USERS\FANGWEI\DESKTOP\DRAWPCM\DRAWPCM\DRAWPCM\DEBUG\MAIN.OBJ
C:\USERS\FANGWEI\DESKTOP\DRAWPCM\DRAWPCM\DRAWPCM\DEBUG\MOC_DRAWPCM.OBJ
C:\USERS\FANGWEI\DESKTOP\DRAWPCM\DRAWPCM\DRAWPCM\DEBUG\DRAWPCM.OBJ
C:\USERS\FANGWEI\DESKTOP\DRAWPCM\DRAWPCM\DRAWPCM\GENERATEDFILES\UI_DRAWPCM.H
C:\USERS\FANGWEI\DESKTOP\DRAWPCM\DRAWPCM\DRAWPCM\GENERATEDFILES\QRC_DRAWPCM.CPP
C:\USERS\FANGWEI\DESKTOP\DRAWPCM\DRAWPCM\DRAWPCM\GENERATEDFILES\DEBUG\MOC_DRAWPCM.CPP
C:\USERS\FANGWEI\DESKTOP\DRAWPCM\DRAWPCM\WIN32\DEBUG\DRAWPCM.ILK
C:\USERS\FANGWEI\DESKTOP\DRAWPCM\DRAWPCM\WIN32\DEBUG\DRAWPCM.EXE
C:\USERS\FANGWEI\DESKTOP\DRAWPCM\DRAWPCM\WIN32\DEBUG\DRAWPCM.PDB
C:\Users\fangwei\Desktop\drawpcm\drawPcm\drawPcm\Debug\drawpcm.obj
C:\Users\fangwei\Desktop\drawpcm\drawPcm\drawPcm\Debug\main.obj
C:\Users\fangwei\Desktop\drawpcm\drawPcm\drawPcm\Debug\moc_drawpcm.obj
C:\Users\fangwei\Desktop\drawpcm\drawPcm\drawPcm\Debug\qrc_drawpcm.obj
C:\Users\fangwei\Desktop\drawpcm\drawPcm\drawPcm\Debug\cl.command.1.tlog
C:\Users\fangwei\Desktop\drawpcm\drawPcm\drawPcm\Debug\CL.read.1.tlog
C:\Users\fangwei\Desktop\drawpcm\drawPcm\drawPcm\Debug\CL.write.1.tlog
C:\Users\fangwei\Desktop\drawpcm\drawPcm\drawPcm\Debug\custombuild.command.1.tlog
C:\Users\fangwei\Desktop\drawpcm\drawPcm\drawPcm\Debug\custombuild.read.1.tlog
C:\Users\fangwei\Desktop\drawpcm\drawPcm\drawPcm\Debug\custombuild.write.1.tlog
C:\Users\fangwei\Desktop\drawpcm\drawPcm\drawPcm\Debug\link-cvtres.read.1.tlog
C:\Users\fangwei\Desktop\drawpcm\drawPcm\drawPcm\Debug\link-cvtres.write.1.tlog
C:\Users\fangwei\Desktop\drawpcm\drawPcm\drawPcm\Debug\link-rc.read.1.tlog
C:\Users\fangwei\Desktop\drawpcm\drawPcm\drawPcm\Debug\link-rc.write.1.tlog
C:\Users\fangwei\Desktop\drawpcm\drawPcm\drawPcm\Debug\link.10468-cvtres.read.1.tlog
C:\Users\fangwei\Desktop\drawpcm\drawPcm\drawPcm\Debug\link.10468-cvtres.write.1.tlog
C:\Users\fangwei\Desktop\drawpcm\drawPcm\drawPcm\Debug\link.10468-rc.read.1.tlog
C:\Users\fangwei\Desktop\drawpcm\drawPcm\drawPcm\Debug\link.10468-rc.write.1.tlog
C:\Users\fangwei\Desktop\drawpcm\drawPcm\drawPcm\Debug\link.10468.read.1.tlog
C:\Users\fangwei\Desktop\drawpcm\drawPcm\drawPcm\Debug\link.10468.write.1.tlog
C:\Users\fangwei\Desktop\drawpcm\drawPcm\drawPcm\Debug\link.10608-cvtres.read.1.tlog
C:\Users\fangwei\Desktop\drawpcm\drawPcm\drawPcm\Debug\link.10608-cvtres.write.1.tlog
C:\Users\fangwei\Desktop\drawpcm\drawPcm\drawPcm\Debug\link.10608-rc.read.1.tlog
C:\Users\fangwei\Desktop\drawpcm\drawPcm\drawPcm\Debug\link.10608-rc.write.1.tlog
C:\Users\fangwei\Desktop\drawpcm\drawPcm\drawPcm\Debug\link.10608.read.1.tlog
C:\Users\fangwei\Desktop\drawpcm\drawPcm\drawPcm\Debug\link.10608.write.1.tlog
C:\Users\fangwei\Desktop\drawpcm\drawPcm\drawPcm\Debug\link.10740-cvtres.read.1.tlog
C:\Users\fangwei\Desktop\drawpcm\drawPcm\drawPcm\Debug\link.10740-cvtres.write.1.tlog
C:\Users\fangwei\Desktop\drawpcm\drawPcm\drawPcm\Debug\link.10740-rc.read.1.tlog
C:\Users\fangwei\Desktop\drawpcm\drawPcm\drawPcm\Debug\link.10740-rc.write.1.tlog
C:\Users\fangwei\Desktop\drawpcm\drawPcm\drawPcm\Debug\link.10740.read.1.tlog
C:\Users\fangwei\Desktop\drawpcm\drawPcm\drawPcm\Debug\link.10740.write.1.tlog
C:\Users\fangwei\Desktop\drawpcm\drawPcm\drawPcm\Debug\link.11296-cvtres.read.1.tlog
C:\Users\fangwei\Desktop\drawpcm\drawPcm\drawPcm\Debug\link.11296-cvtres.write.1.tlog
C:\Users\fangwei\Desktop\drawpcm\drawPcm\drawPcm\Debug\link.11296-rc.read.1.tlog
C:\Users\fangwei\Desktop\drawpcm\drawPcm\drawPcm\Debug\link.11296-rc.write.1.tlog
C:\Users\fangwei\Desktop\drawpcm\drawPcm\drawPcm\Debug\link.11296.read.1.tlog
C:\Users\fangwei\Desktop\drawpcm\drawPcm\drawPcm\Debug\link.11296.write.1.tlog
C:\Users\fangwei\Desktop\drawpcm\drawPcm\drawPcm\Debug\link.11508-cvtres.read.1.tlog
C:\Users\fangwei\Desktop\drawpcm\drawPcm\drawPcm\Debug\link.11508-cvtres.write.1.tlog
C:\Users\fangwei\Desktop\drawpcm\drawPcm\drawPcm\Debug\link.11508-rc.read.1.tlog
C:\Users\fangwei\Desktop\drawpcm\drawPcm\drawPcm\Debug\link.11508-rc.write.1.tlog
C:\Users\fangwei\Desktop\drawpcm\drawPcm\drawPcm\Debug\link.11508.read.1.tlog
C:\Users\fangwei\Desktop\drawpcm\drawPcm\drawPcm\Debug\link.11508.write.1.tlog
C:\Users\fangwei\Desktop\drawpcm\drawPcm\drawPcm\Debug\link.11624-cvtres.read.1.tlog
C:\Users\fangwei\Desktop\drawpcm\drawPcm\drawPcm\Debug\link.11624-cvtres.write.1.tlog
C:\Users\fangwei\Desktop\drawpcm\drawPcm\drawPcm\Debug\link.11624-rc.read.1.tlog
C:\Users\fangwei\Desktop\drawpcm\drawPcm\drawPcm\Debug\link.11624-rc.write.1.tlog
C:\Users\fangwei\Desktop\drawpcm\drawPcm\drawPcm\Debug\link.11624.read.1.tlog
C:\Users\fangwei\Desktop\drawpcm\drawPcm\drawPcm\Debug\link.11624.write.1.tlog
C:\Users\fangwei\Desktop\drawpcm\drawPcm\drawPcm\Debug\link.11944-cvtres.read.1.tlog
C:\Users\fangwei\Desktop\drawpcm\drawPcm\drawPcm\Debug\link.11944-cvtres.write.1.tlog
C:\Users\fangwei\Desktop\drawpcm\drawPcm\drawPcm\Debug\link.11944-rc.read.1.tlog
C:\Users\fangwei\Desktop\drawpcm\drawPcm\drawPcm\Debug\link.11944-rc.write.1.tlog
C:\Users\fangwei\Desktop\drawpcm\drawPcm\drawPcm\Debug\link.11944.read.1.tlog
C:\Users\fangwei\Desktop\drawpcm\drawPcm\drawPcm\Debug\link.11944.write.1.tlog
C:\Users\fangwei\Desktop\drawpcm\drawPcm\drawPcm\Debug\link.12832-cvtres.read.1.tlog
C:\Users\fangwei\Desktop\drawpcm\drawPcm\drawPcm\Debug\link.12832-cvtres.write.1.tlog
C:\Users\fangwei\Desktop\drawpcm\drawPcm\drawPcm\Debug\link.12832-rc.read.1.tlog
C:\Users\fangwei\Desktop\drawpcm\drawPcm\drawPcm\Debug\link.12832-rc.write.1.tlog
C:\Users\fangwei\Desktop\drawpcm\drawPcm\drawPcm\Debug\link.12832.read.1.tlog
C:\Users\fangwei\Desktop\drawpcm\drawPcm\drawPcm\Debug\link.12832.write.1.tlog
C:\Users\fangwei\Desktop\drawpcm\drawPcm\drawPcm\Debug\link.13268-cvtres.read.1.tlog
C:\Users\fangwei\Desktop\drawpcm\drawPcm\drawPcm\Debug\link.13268-cvtres.write.1.tlog
C:\Users\fangwei\Desktop\drawpcm\drawPcm\drawPcm\Debug\link.13268-rc.read.1.tlog
C:\Users\fangwei\Desktop\drawpcm\drawPcm\drawPcm\Debug\link.13268-rc.write.1.tlog
C:\Users\fangwei\Desktop\drawpcm\drawPcm\drawPcm\Debug\link.13268.read.1.tlog
C:\Users\fangwei\Desktop\drawpcm\drawPcm\drawPcm\Debug\link.13268.write.1.tlog
C:\Users\fangwei\Desktop\drawpcm\drawPcm\drawPcm\Debug\link.13416-cvtres.read.1.tlog
C:\Users\fangwei\Desktop\drawpcm\drawPcm\drawPcm\Debug\link.13416-cvtres.write.1.tlog
C:\Users\fangwei\Desktop\drawpcm\drawPcm\drawPcm\Debug\link.13416-rc.read.1.tlog
C:\Users\fangwei\Desktop\drawpcm\drawPcm\drawPcm\Debug\link.13416-rc.write.1.tlog
C:\Users\fangwei\Desktop\drawpcm\drawPcm\drawPcm\Debug\link.13416.read.1.tlog
C:\Users\fangwei\Desktop\drawpcm\drawPcm\drawPcm\Debug\link.13416.write.1.tlog
C:\Users\fangwei\Desktop\drawpcm\drawPcm\drawPcm\Debug\link.13444-cvtres.read.1.tlog
C:\Users\fangwei\Desktop\drawpcm\drawPcm\drawPcm\Debug\link.13444-cvtres.write.1.tlog
C:\Users\fangwei\Desktop\drawpcm\drawPcm\drawPcm\Debug\link.13444-rc.read.1.tlog
C:\Users\fangwei\Desktop\drawpcm\drawPcm\drawPcm\Debug\link.13444-rc.write.1.tlog
C:\Users\fangwei\Desktop\drawpcm\drawPcm\drawPcm\Debug\link.13444.read.1.tlog
C:\Users\fangwei\Desktop\drawpcm\drawPcm\drawPcm\Debug\link.13444.write.1.tlog
C:\Users\fangwei\Desktop\drawpcm\drawPcm\drawPcm\Debug\link.13468-cvtres.read.1.tlog
C:\Users\fangwei\Desktop\drawpcm\drawPcm\drawPcm\Debug\link.13468-cvtres.write.1.tlog
C:\Users\fangwei\Desktop\drawpcm\drawPcm\drawPcm\Debug\link.13468-rc.read.1.tlog
C:\Users\fangwei\Desktop\drawpcm\drawPcm\drawPcm\Debug\link.13468-rc.write.1.tlog
C:\Users\fangwei\Desktop\drawpcm\drawPcm\drawPcm\Debug\link.13468.read.1.tlog
C:\Users\fangwei\Desktop\drawpcm\drawPcm\drawPcm\Debug\link.13468.write.1.tlog
C:\Users\fangwei\Desktop\drawpcm\drawPcm\drawPcm\Debug\link.13784-cvtres.read.1.tlog
C:\Users\fangwei\Desktop\drawpcm\drawPcm\drawPcm\Debug\link.13784-cvtres.write.1.tlog
C:\Users\fangwei\Desktop\drawpcm\drawPcm\drawPcm\Debug\link.13784-rc.read.1.tlog
C:\Users\fangwei\Desktop\drawpcm\drawPcm\drawPcm\Debug\link.13784-rc.write.1.tlog
C:\Users\fangwei\Desktop\drawpcm\drawPcm\drawPcm\Debug\link.13784.read.1.tlog
C:\Users\fangwei\Desktop\drawpcm\drawPcm\drawPcm\Debug\link.13784.write.1.tlog
C:\Users\fangwei\Desktop\drawpcm\drawPcm\drawPcm\Debug\link.13880-cvtres.read.1.tlog
C:\Users\fangwei\Desktop\drawpcm\drawPcm\drawPcm\Debug\link.13880-cvtres.write.1.tlog
C:\Users\fangwei\Desktop\drawpcm\drawPcm\drawPcm\Debug\link.13880-rc.read.1.tlog
C:\Users\fangwei\Desktop\drawpcm\drawPcm\drawPcm\Debug\link.13880-rc.write.1.tlog
C:\Users\fangwei\Desktop\drawpcm\drawPcm\drawPcm\Debug\link.13880.read.1.tlog
C:\Users\fangwei\Desktop\drawpcm\drawPcm\drawPcm\Debug\link.13880.write.1.tlog
C:\Users\fangwei\Desktop\drawpcm\drawPcm\drawPcm\Debug\link.14072-cvtres.read.1.tlog
C:\Users\fangwei\Desktop\drawpcm\drawPcm\drawPcm\Debug\link.14072-cvtres.write.1.tlog
C:\Users\fangwei\Desktop\drawpcm\drawPcm\drawPcm\Debug\link.14072-rc.read.1.tlog
C:\Users\fangwei\Desktop\drawpcm\drawPcm\drawPcm\Debug\link.14072-rc.write.1.tlog
C:\Users\fangwei\Desktop\drawpcm\drawPcm\drawPcm\Debug\link.14072.read.1.tlog
C:\Users\fangwei\Desktop\drawpcm\drawPcm\drawPcm\Debug\link.14072.write.1.tlog
C:\Users\fangwei\Desktop\drawpcm\drawPcm\drawPcm\Debug\link.14228-cvtres.read.1.tlog
C:\Users\fangwei\Desktop\drawpcm\drawPcm\drawPcm\Debug\link.14228-cvtres.write.1.tlog
C:\Users\fangwei\Desktop\drawpcm\drawPcm\drawPcm\Debug\link.14228-rc.read.1.tlog
C:\Users\fangwei\Desktop\drawpcm\drawPcm\drawPcm\Debug\link.14228-rc.write.1.tlog
C:\Users\fangwei\Desktop\drawpcm\drawPcm\drawPcm\Debug\link.14228.read.1.tlog
C:\Users\fangwei\Desktop\drawpcm\drawPcm\drawPcm\Debug\link.14228.write.1.tlog
C:\Users\fangwei\Desktop\drawpcm\drawPcm\drawPcm\Debug\link.14768-cvtres.read.1.tlog
C:\Users\fangwei\Desktop\drawpcm\drawPcm\drawPcm\Debug\link.14768-cvtres.write.1.tlog
C:\Users\fangwei\Desktop\drawpcm\drawPcm\drawPcm\Debug\link.14768-rc.read.1.tlog
C:\Users\fangwei\Desktop\drawpcm\drawPcm\drawPcm\Debug\link.14768-rc.write.1.tlog
C:\Users\fangwei\Desktop\drawpcm\drawPcm\drawPcm\Debug\link.14768.read.1.tlog
C:\Users\fangwei\Desktop\drawpcm\drawPcm\drawPcm\Debug\link.14768.write.1.tlog
C:\Users\fangwei\Desktop\drawpcm\drawPcm\drawPcm\Debug\link.15020-cvtres.read.1.tlog
C:\Users\fangwei\Desktop\drawpcm\drawPcm\drawPcm\Debug\link.15020-cvtres.write.1.tlog
C:\Users\fangwei\Desktop\drawpcm\drawPcm\drawPcm\Debug\link.15020-rc.read.1.tlog
C:\Users\fangwei\Desktop\drawpcm\drawPcm\drawPcm\Debug\link.15020-rc.write.1.tlog
C:\Users\fangwei\Desktop\drawpcm\drawPcm\drawPcm\Debug\link.15020.read.1.tlog
C:\Users\fangwei\Desktop\drawpcm\drawPcm\drawPcm\Debug\link.15020.write.1.tlog
C:\Users\fangwei\Desktop\drawpcm\drawPcm\drawPcm\Debug\link.15156-cvtres.read.1.tlog
C:\Users\fangwei\Desktop\drawpcm\drawPcm\drawPcm\Debug\link.15156-cvtres.write.1.tlog
C:\Users\fangwei\Desktop\drawpcm\drawPcm\drawPcm\Debug\link.15156-rc.read.1.tlog
C:\Users\fangwei\Desktop\drawpcm\drawPcm\drawPcm\Debug\link.15156-rc.write.1.tlog
C:\Users\fangwei\Desktop\drawpcm\drawPcm\drawPcm\Debug\link.15156.read.1.tlog
C:\Users\fangwei\Desktop\drawpcm\drawPcm\drawPcm\Debug\link.15156.write.1.tlog
C:\Users\fangwei\Desktop\drawpcm\drawPcm\drawPcm\Debug\link.2160-cvtres.read.1.tlog
C:\Users\fangwei\Desktop\drawpcm\drawPcm\drawPcm\Debug\link.2160-cvtres.write.1.tlog
C:\Users\fangwei\Desktop\drawpcm\drawPcm\drawPcm\Debug\link.2160-rc.read.1.tlog
C:\Users\fangwei\Desktop\drawpcm\drawPcm\drawPcm\Debug\link.2160-rc.write.1.tlog
C:\Users\fangwei\Desktop\drawpcm\drawPcm\drawPcm\Debug\link.2160.read.1.tlog
C:\Users\fangwei\Desktop\drawpcm\drawPcm\drawPcm\Debug\link.2160.write.1.tlog
C:\Users\fangwei\Desktop\drawpcm\drawPcm\drawPcm\Debug\link.2860-cvtres.read.1.tlog
C:\Users\fangwei\Desktop\drawpcm\drawPcm\drawPcm\Debug\link.2860-cvtres.write.1.tlog
C:\Users\fangwei\Desktop\drawpcm\drawPcm\drawPcm\Debug\link.2860-rc.read.1.tlog
C:\Users\fangwei\Desktop\drawpcm\drawPcm\drawPcm\Debug\link.2860-rc.write.1.tlog
C:\Users\fangwei\Desktop\drawpcm\drawPcm\drawPcm\Debug\link.2860.read.1.tlog
C:\Users\fangwei\Desktop\drawpcm\drawPcm\drawPcm\Debug\link.2860.write.1.tlog
C:\Users\fangwei\Desktop\drawpcm\drawPcm\drawPcm\Debug\link.3104-cvtres.read.1.tlog
C:\Users\fangwei\Desktop\drawpcm\drawPcm\drawPcm\Debug\link.3104-cvtres.write.1.tlog
C:\Users\fangwei\Desktop\drawpcm\drawPcm\drawPcm\Debug\link.3104-rc.read.1.tlog
C:\Users\fangwei\Desktop\drawpcm\drawPcm\drawPcm\Debug\link.3104-rc.write.1.tlog
C:\Users\fangwei\Desktop\drawpcm\drawPcm\drawPcm\Debug\link.3104.read.1.tlog
C:\Users\fangwei\Desktop\drawpcm\drawPcm\drawPcm\Debug\link.3104.write.1.tlog
C:\Users\fangwei\Desktop\drawpcm\drawPcm\drawPcm\Debug\link.3960-cvtres.read.1.tlog
C:\Users\fangwei\Desktop\drawpcm\drawPcm\drawPcm\Debug\link.3960-cvtres.write.1.tlog
C:\Users\fangwei\Desktop\drawpcm\drawPcm\drawPcm\Debug\link.3960-rc.read.1.tlog
C:\Users\fangwei\Desktop\drawpcm\drawPcm\drawPcm\Debug\link.3960-rc.write.1.tlog
C:\Users\fangwei\Desktop\drawpcm\drawPcm\drawPcm\Debug\link.3960.read.1.tlog
C:\Users\fangwei\Desktop\drawpcm\drawPcm\drawPcm\Debug\link.3960.write.1.tlog
C:\Users\fangwei\Desktop\drawpcm\drawPcm\drawPcm\Debug\link.4588-cvtres.read.1.tlog
C:\Users\fangwei\Desktop\drawpcm\drawPcm\drawPcm\Debug\link.4588-cvtres.write.1.tlog
C:\Users\fangwei\Desktop\drawpcm\drawPcm\drawPcm\Debug\link.4588-rc.read.1.tlog
C:\Users\fangwei\Desktop\drawpcm\drawPcm\drawPcm\Debug\link.4588-rc.write.1.tlog
C:\Users\fangwei\Desktop\drawpcm\drawPcm\drawPcm\Debug\link.4588.read.1.tlog
C:\Users\fangwei\Desktop\drawpcm\drawPcm\drawPcm\Debug\link.4588.write.1.tlog
C:\Users\fangwei\Desktop\drawpcm\drawPcm\drawPcm\Debug\link.4748-cvtres.read.1.tlog
C:\Users\fangwei\Desktop\drawpcm\drawPcm\drawPcm\Debug\link.4748-cvtres.write.1.tlog
C:\Users\fangwei\Desktop\drawpcm\drawPcm\drawPcm\Debug\link.4748-rc.read.1.tlog
C:\Users\fangwei\Desktop\drawpcm\drawPcm\drawPcm\Debug\link.4748-rc.write.1.tlog
C:\Users\fangwei\Desktop\drawpcm\drawPcm\drawPcm\Debug\link.4748.read.1.tlog
C:\Users\fangwei\Desktop\drawpcm\drawPcm\drawPcm\Debug\link.4748.write.1.tlog
C:\Users\fangwei\Desktop\drawpcm\drawPcm\drawPcm\Debug\link.4808-cvtres.read.1.tlog
C:\Users\fangwei\Desktop\drawpcm\drawPcm\drawPcm\Debug\link.4808-cvtres.write.1.tlog
C:\Users\fangwei\Desktop\drawpcm\drawPcm\drawPcm\Debug\link.4808-rc.read.1.tlog
C:\Users\fangwei\Desktop\drawpcm\drawPcm\drawPcm\Debug\link.4808-rc.write.1.tlog
C:\Users\fangwei\Desktop\drawpcm\drawPcm\drawPcm\Debug\link.4808.read.1.tlog
C:\Users\fangwei\Desktop\drawpcm\drawPcm\drawPcm\Debug\link.4808.write.1.tlog
C:\Users\fangwei\Desktop\drawpcm\drawPcm\drawPcm\Debug\link.4888-cvtres.read.1.tlog
C:\Users\fangwei\Desktop\drawpcm\drawPcm\drawPcm\Debug\link.4888-cvtres.write.1.tlog
C:\Users\fangwei\Desktop\drawpcm\drawPcm\drawPcm\Debug\link.4888-rc.read.1.tlog
C:\Users\fangwei\Desktop\drawpcm\drawPcm\drawPcm\Debug\link.4888-rc.write.1.tlog
C:\Users\fangwei\Desktop\drawpcm\drawPcm\drawPcm\Debug\link.4888.read.1.tlog
C:\Users\fangwei\Desktop\drawpcm\drawPcm\drawPcm\Debug\link.4888.write.1.tlog
C:\Users\fangwei\Desktop\drawpcm\drawPcm\drawPcm\Debug\link.5068-cvtres.read.1.tlog
C:\Users\fangwei\Desktop\drawpcm\drawPcm\drawPcm\Debug\link.5068-cvtres.write.1.tlog
C:\Users\fangwei\Desktop\drawpcm\drawPcm\drawPcm\Debug\link.5068-rc.read.1.tlog
C:\Users\fangwei\Desktop\drawpcm\drawPcm\drawPcm\Debug\link.5068-rc.write.1.tlog
C:\Users\fangwei\Desktop\drawpcm\drawPcm\drawPcm\Debug\link.5068.read.1.tlog
C:\Users\fangwei\Desktop\drawpcm\drawPcm\drawPcm\Debug\link.5068.write.1.tlog
C:\Users\fangwei\Desktop\drawpcm\drawPcm\drawPcm\Debug\link.5160-cvtres.read.1.tlog
C:\Users\fangwei\Desktop\drawpcm\drawPcm\drawPcm\Debug\link.5160-cvtres.write.1.tlog
C:\Users\fangwei\Desktop\drawpcm\drawPcm\drawPcm\Debug\link.5160-rc.read.1.tlog
C:\Users\fangwei\Desktop\drawpcm\drawPcm\drawPcm\Debug\link.5160-rc.write.1.tlog
C:\Users\fangwei\Desktop\drawpcm\drawPcm\drawPcm\Debug\link.5160.read.1.tlog
C:\Users\fangwei\Desktop\drawpcm\drawPcm\drawPcm\Debug\link.5160.write.1.tlog
C:\Users\fangwei\Desktop\drawpcm\drawPcm\drawPcm\Debug\link.5164-cvtres.read.1.tlog
C:\Users\fangwei\Desktop\drawpcm\drawPcm\drawPcm\Debug\link.5164-cvtres.write.1.tlog
C:\Users\fangwei\Desktop\drawpcm\drawPcm\drawPcm\Debug\link.5164-rc.read.1.tlog
C:\Users\fangwei\Desktop\drawpcm\drawPcm\drawPcm\Debug\link.5164-rc.write.1.tlog
C:\Users\fangwei\Desktop\drawpcm\drawPcm\drawPcm\Debug\link.5164.read.1.tlog
C:\Users\fangwei\Desktop\drawpcm\drawPcm\drawPcm\Debug\link.5164.write.1.tlog
C:\Users\fangwei\Desktop\drawpcm\drawPcm\drawPcm\Debug\link.5784-cvtres.read.1.tlog
C:\Users\fangwei\Desktop\drawpcm\drawPcm\drawPcm\Debug\link.5784-cvtres.write.1.tlog
C:\Users\fangwei\Desktop\drawpcm\drawPcm\drawPcm\Debug\link.5784-rc.read.1.tlog
C:\Users\fangwei\Desktop\drawpcm\drawPcm\drawPcm\Debug\link.5784-rc.write.1.tlog
C:\Users\fangwei\Desktop\drawpcm\drawPcm\drawPcm\Debug\link.5784.read.1.tlog
C:\Users\fangwei\Desktop\drawpcm\drawPcm\drawPcm\Debug\link.5784.write.1.tlog
C:\Users\fangwei\Desktop\drawpcm\drawPcm\drawPcm\Debug\link.5956-cvtres.read.1.tlog
C:\Users\fangwei\Desktop\drawpcm\drawPcm\drawPcm\Debug\link.5956-cvtres.write.1.tlog
C:\Users\fangwei\Desktop\drawpcm\drawPcm\drawPcm\Debug\link.5956-rc.read.1.tlog
C:\Users\fangwei\Desktop\drawpcm\drawPcm\drawPcm\Debug\link.5956-rc.write.1.tlog
C:\Users\fangwei\Desktop\drawpcm\drawPcm\drawPcm\Debug\link.5956.read.1.tlog
C:\Users\fangwei\Desktop\drawpcm\drawPcm\drawPcm\Debug\link.5956.write.1.tlog
C:\Users\fangwei\Desktop\drawpcm\drawPcm\drawPcm\Debug\link.5968-cvtres.read.1.tlog
C:\Users\fangwei\Desktop\drawpcm\drawPcm\drawPcm\Debug\link.5968-cvtres.write.1.tlog
C:\Users\fangwei\Desktop\drawpcm\drawPcm\drawPcm\Debug\link.5968-rc.read.1.tlog
C:\Users\fangwei\Desktop\drawpcm\drawPcm\drawPcm\Debug\link.5968-rc.write.1.tlog
C:\Users\fangwei\Desktop\drawpcm\drawPcm\drawPcm\Debug\link.5968.read.1.tlog
C:\Users\fangwei\Desktop\drawpcm\drawPcm\drawPcm\Debug\link.5968.write.1.tlog
C:\Users\fangwei\Desktop\drawpcm\drawPcm\drawPcm\Debug\link.6200-cvtres.read.1.tlog
C:\Users\fangwei\Desktop\drawpcm\drawPcm\drawPcm\Debug\link.6200-cvtres.write.1.tlog
C:\Users\fangwei\Desktop\drawpcm\drawPcm\drawPcm\Debug\link.6200-rc.read.1.tlog
C:\Users\fangwei\Desktop\drawpcm\drawPcm\drawPcm\Debug\link.6200-rc.write.1.tlog
C:\Users\fangwei\Desktop\drawpcm\drawPcm\drawPcm\Debug\link.6200.read.1.tlog
C:\Users\fangwei\Desktop\drawpcm\drawPcm\drawPcm\Debug\link.6200.write.1.tlog
C:\Users\fangwei\Desktop\drawpcm\drawPcm\drawPcm\Debug\link.632-cvtres.read.1.tlog
C:\Users\fangwei\Desktop\drawpcm\drawPcm\drawPcm\Debug\link.632-cvtres.write.1.tlog
C:\Users\fangwei\Desktop\drawpcm\drawPcm\drawPcm\Debug\link.632-rc.read.1.tlog
C:\Users\fangwei\Desktop\drawpcm\drawPcm\drawPcm\Debug\link.632-rc.write.1.tlog
C:\Users\fangwei\Desktop\drawpcm\drawPcm\drawPcm\Debug\link.632.read.1.tlog
C:\Users\fangwei\Desktop\drawpcm\drawPcm\drawPcm\Debug\link.632.write.1.tlog
C:\Users\fangwei\Desktop\drawpcm\drawPcm\drawPcm\Debug\link.6360-cvtres.read.1.tlog
C:\Users\fangwei\Desktop\drawpcm\drawPcm\drawPcm\Debug\link.6360-cvtres.write.1.tlog
C:\Users\fangwei\Desktop\drawpcm\drawPcm\drawPcm\Debug\link.6360-rc.read.1.tlog
C:\Users\fangwei\Desktop\drawpcm\drawPcm\drawPcm\Debug\link.6360-rc.write.1.tlog
C:\Users\fangwei\Desktop\drawpcm\drawPcm\drawPcm\Debug\link.6360.read.1.tlog
C:\Users\fangwei\Desktop\drawpcm\drawPcm\drawPcm\Debug\link.6360.write.1.tlog
C:\Users\fangwei\Desktop\drawpcm\drawPcm\drawPcm\Debug\link.7348-cvtres.read.1.tlog
C:\Users\fangwei\Desktop\drawpcm\drawPcm\drawPcm\Debug\link.7348-cvtres.write.1.tlog
C:\Users\fangwei\Desktop\drawpcm\drawPcm\drawPcm\Debug\link.7348-rc.read.1.tlog
C:\Users\fangwei\Desktop\drawpcm\drawPcm\drawPcm\Debug\link.7348-rc.write.1.tlog
C:\Users\fangwei\Desktop\drawpcm\drawPcm\drawPcm\Debug\link.7348.read.1.tlog
C:\Users\fangwei\Desktop\drawpcm\drawPcm\drawPcm\Debug\link.7348.write.1.tlog
C:\Users\fangwei\Desktop\drawpcm\drawPcm\drawPcm\Debug\link.7388-cvtres.read.1.tlog
C:\Users\fangwei\Desktop\drawpcm\drawPcm\drawPcm\Debug\link.7388-cvtres.write.1.tlog
C:\Users\fangwei\Desktop\drawpcm\drawPcm\drawPcm\Debug\link.7388-rc.read.1.tlog
C:\Users\fangwei\Desktop\drawpcm\drawPcm\drawPcm\Debug\link.7388-rc.write.1.tlog
C:\Users\fangwei\Desktop\drawpcm\drawPcm\drawPcm\Debug\link.7388.read.1.tlog
C:\Users\fangwei\Desktop\drawpcm\drawPcm\drawPcm\Debug\link.7388.write.1.tlog
C:\Users\fangwei\Desktop\drawpcm\drawPcm\drawPcm\Debug\link.7720-cvtres.read.1.tlog
C:\Users\fangwei\Desktop\drawpcm\drawPcm\drawPcm\Debug\link.7720-cvtres.write.1.tlog
C:\Users\fangwei\Desktop\drawpcm\drawPcm\drawPcm\Debug\link.7720-rc.read.1.tlog
C:\Users\fangwei\Desktop\drawpcm\drawPcm\drawPcm\Debug\link.7720-rc.write.1.tlog
C:\Users\fangwei\Desktop\drawpcm\drawPcm\drawPcm\Debug\link.7720.read.1.tlog
C:\Users\fangwei\Desktop\drawpcm\drawPcm\drawPcm\Debug\link.7720.write.1.tlog
C:\Users\fangwei\Desktop\drawpcm\drawPcm\drawPcm\Debug\link.7924-cvtres.read.1.tlog
C:\Users\fangwei\Desktop\drawpcm\drawPcm\drawPcm\Debug\link.7924-cvtres.write.1.tlog
C:\Users\fangwei\Desktop\drawpcm\drawPcm\drawPcm\Debug\link.7924-rc.read.1.tlog
C:\Users\fangwei\Desktop\drawpcm\drawPcm\drawPcm\Debug\link.7924-rc.write.1.tlog
C:\Users\fangwei\Desktop\drawpcm\drawPcm\drawPcm\Debug\link.7924.read.1.tlog
C:\Users\fangwei\Desktop\drawpcm\drawPcm\drawPcm\Debug\link.7924.write.1.tlog
C:\Users\fangwei\Desktop\drawpcm\drawPcm\drawPcm\Debug\link.7944-cvtres.read.1.tlog
C:\Users\fangwei\Desktop\drawpcm\drawPcm\drawPcm\Debug\link.7944-cvtres.write.1.tlog
C:\Users\fangwei\Desktop\drawpcm\drawPcm\drawPcm\Debug\link.7944-rc.read.1.tlog
C:\Users\fangwei\Desktop\drawpcm\drawPcm\drawPcm\Debug\link.7944-rc.write.1.tlog
C:\Users\fangwei\Desktop\drawpcm\drawPcm\drawPcm\Debug\link.7944.read.1.tlog
C:\Users\fangwei\Desktop\drawpcm\drawPcm\drawPcm\Debug\link.7944.write.1.tlog
C:\Users\fangwei\Desktop\drawpcm\drawPcm\drawPcm\Debug\link.8036-cvtres.read.1.tlog
C:\Users\fangwei\Desktop\drawpcm\drawPcm\drawPcm\Debug\link.8036-cvtres.write.1.tlog
C:\Users\fangwei\Desktop\drawpcm\drawPcm\drawPcm\Debug\link.8036-rc.read.1.tlog
C:\Users\fangwei\Desktop\drawpcm\drawPcm\drawPcm\Debug\link.8036-rc.write.1.tlog
C:\Users\fangwei\Desktop\drawpcm\drawPcm\drawPcm\Debug\link.8036.read.1.tlog
C:\Users\fangwei\Desktop\drawpcm\drawPcm\drawPcm\Debug\link.8036.write.1.tlog
C:\Users\fangwei\Desktop\drawpcm\drawPcm\drawPcm\Debug\link.8148-cvtres.read.1.tlog
C:\Users\fangwei\Desktop\drawpcm\drawPcm\drawPcm\Debug\link.8148-cvtres.write.1.tlog
C:\Users\fangwei\Desktop\drawpcm\drawPcm\drawPcm\Debug\link.8148-rc.read.1.tlog
C:\Users\fangwei\Desktop\drawpcm\drawPcm\drawPcm\Debug\link.8148-rc.write.1.tlog
C:\Users\fangwei\Desktop\drawpcm\drawPcm\drawPcm\Debug\link.8148.read.1.tlog
C:\Users\fangwei\Desktop\drawpcm\drawPcm\drawPcm\Debug\link.8148.write.1.tlog
C:\Users\fangwei\Desktop\drawpcm\drawPcm\drawPcm\Debug\link.8168-cvtres.read.1.tlog
C:\Users\fangwei\Desktop\drawpcm\drawPcm\drawPcm\Debug\link.8168-cvtres.write.1.tlog
C:\Users\fangwei\Desktop\drawpcm\drawPcm\drawPcm\Debug\link.8168-rc.read.1.tlog
C:\Users\fangwei\Desktop\drawpcm\drawPcm\drawPcm\Debug\link.8168-rc.write.1.tlog
C:\Users\fangwei\Desktop\drawpcm\drawPcm\drawPcm\Debug\link.8168.read.1.tlog
C:\Users\fangwei\Desktop\drawpcm\drawPcm\drawPcm\Debug\link.8168.write.1.tlog
C:\Users\fangwei\Desktop\drawpcm\drawPcm\drawPcm\Debug\link.8304-cvtres.read.1.tlog
C:\Users\fangwei\Desktop\drawpcm\drawPcm\drawPcm\Debug\link.8304-cvtres.write.1.tlog
C:\Users\fangwei\Desktop\drawpcm\drawPcm\drawPcm\Debug\link.8304-rc.read.1.tlog
C:\Users\fangwei\Desktop\drawpcm\drawPcm\drawPcm\Debug\link.8304-rc.write.1.tlog
C:\Users\fangwei\Desktop\drawpcm\drawPcm\drawPcm\Debug\link.8304.read.1.tlog
C:\Users\fangwei\Desktop\drawpcm\drawPcm\drawPcm\Debug\link.8304.write.1.tlog
C:\Users\fangwei\Desktop\drawpcm\drawPcm\drawPcm\Debug\link.8432-cvtres.read.1.tlog
C:\Users\fangwei\Desktop\drawpcm\drawPcm\drawPcm\Debug\link.8432-cvtres.write.1.tlog
C:\Users\fangwei\Desktop\drawpcm\drawPcm\drawPcm\Debug\link.8432-rc.read.1.tlog
C:\Users\fangwei\Desktop\drawpcm\drawPcm\drawPcm\Debug\link.8432-rc.write.1.tlog
C:\Users\fangwei\Desktop\drawpcm\drawPcm\drawPcm\Debug\link.8432.read.1.tlog
C:\Users\fangwei\Desktop\drawpcm\drawPcm\drawPcm\Debug\link.8432.write.1.tlog
C:\Users\fangwei\Desktop\drawpcm\drawPcm\drawPcm\Debug\link.8700-cvtres.read.1.tlog
C:\Users\fangwei\Desktop\drawpcm\drawPcm\drawPcm\Debug\link.8700-cvtres.write.1.tlog
C:\Users\fangwei\Desktop\drawpcm\drawPcm\drawPcm\Debug\link.8700-rc.read.1.tlog
C:\Users\fangwei\Desktop\drawpcm\drawPcm\drawPcm\Debug\link.8700-rc.write.1.tlog
C:\Users\fangwei\Desktop\drawpcm\drawPcm\drawPcm\Debug\link.8700.read.1.tlog
C:\Users\fangwei\Desktop\drawpcm\drawPcm\drawPcm\Debug\link.8700.write.1.tlog
C:\Users\fangwei\Desktop\drawpcm\drawPcm\drawPcm\Debug\link.8772-cvtres.read.1.tlog
C:\Users\fangwei\Desktop\drawpcm\drawPcm\drawPcm\Debug\link.8772-cvtres.write.1.tlog
C:\Users\fangwei\Desktop\drawpcm\drawPcm\drawPcm\Debug\link.8772-rc.read.1.tlog
C:\Users\fangwei\Desktop\drawpcm\drawPcm\drawPcm\Debug\link.8772-rc.write.1.tlog
C:\Users\fangwei\Desktop\drawpcm\drawPcm\drawPcm\Debug\link.8772.read.1.tlog
C:\Users\fangwei\Desktop\drawpcm\drawPcm\drawPcm\Debug\link.8772.write.1.tlog
C:\Users\fangwei\Desktop\drawpcm\drawPcm\drawPcm\Debug\link.8856-cvtres.read.1.tlog
C:\Users\fangwei\Desktop\drawpcm\drawPcm\drawPcm\Debug\link.8856-cvtres.write.1.tlog
C:\Users\fangwei\Desktop\drawpcm\drawPcm\drawPcm\Debug\link.8856-rc.read.1.tlog
C:\Users\fangwei\Desktop\drawpcm\drawPcm\drawPcm\Debug\link.8856-rc.write.1.tlog
C:\Users\fangwei\Desktop\drawpcm\drawPcm\drawPcm\Debug\link.8856.read.1.tlog
C:\Users\fangwei\Desktop\drawpcm\drawPcm\drawPcm\Debug\link.8856.write.1.tlog
C:\Users\fangwei\Desktop\drawpcm\drawPcm\drawPcm\Debug\link.8864-cvtres.read.1.tlog
C:\Users\fangwei\Desktop\drawpcm\drawPcm\drawPcm\Debug\link.8864-cvtres.write.1.tlog
C:\Users\fangwei\Desktop\drawpcm\drawPcm\drawPcm\Debug\link.8864-rc.read.1.tlog
C:\Users\fangwei\Desktop\drawpcm\drawPcm\drawPcm\Debug\link.8864-rc.write.1.tlog
C:\Users\fangwei\Desktop\drawpcm\drawPcm\drawPcm\Debug\link.8864.read.1.tlog
C:\Users\fangwei\Desktop\drawpcm\drawPcm\drawPcm\Debug\link.8864.write.1.tlog
C:\Users\fangwei\Desktop\drawpcm\drawPcm\drawPcm\Debug\link.8908-cvtres.read.1.tlog
C:\Users\fangwei\Desktop\drawpcm\drawPcm\drawPcm\Debug\link.8908-cvtres.write.1.tlog
C:\Users\fangwei\Desktop\drawpcm\drawPcm\drawPcm\Debug\link.8908-rc.read.1.tlog
C:\Users\fangwei\Desktop\drawpcm\drawPcm\drawPcm\Debug\link.8908-rc.write.1.tlog
C:\Users\fangwei\Desktop\drawpcm\drawPcm\drawPcm\Debug\link.8908.read.1.tlog
C:\Users\fangwei\Desktop\drawpcm\drawPcm\drawPcm\Debug\link.8908.write.1.tlog
C:\Users\fangwei\Desktop\drawpcm\drawPcm\drawPcm\Debug\link.9248-cvtres.read.1.tlog
C:\Users\fangwei\Desktop\drawpcm\drawPcm\drawPcm\Debug\link.9248-cvtres.write.1.tlog
C:\Users\fangwei\Desktop\drawpcm\drawPcm\drawPcm\Debug\link.9248-rc.read.1.tlog
C:\Users\fangwei\Desktop\drawpcm\drawPcm\drawPcm\Debug\link.9248-rc.write.1.tlog
C:\Users\fangwei\Desktop\drawpcm\drawPcm\drawPcm\Debug\link.9248.read.1.tlog
C:\Users\fangwei\Desktop\drawpcm\drawPcm\drawPcm\Debug\link.9248.write.1.tlog
C:\Users\fangwei\Desktop\drawpcm\drawPcm\drawPcm\Debug\link.9264-cvtres.read.1.tlog
C:\Users\fangwei\Desktop\drawpcm\drawPcm\drawPcm\Debug\link.9264-cvtres.write.1.tlog
C:\Users\fangwei\Desktop\drawpcm\drawPcm\drawPcm\Debug\link.9264-rc.read.1.tlog
C:\Users\fangwei\Desktop\drawpcm\drawPcm\drawPcm\Debug\link.9264-rc.write.1.tlog
C:\Users\fangwei\Desktop\drawpcm\drawPcm\drawPcm\Debug\link.9264.read.1.tlog
C:\Users\fangwei\Desktop\drawpcm\drawPcm\drawPcm\Debug\link.9264.write.1.tlog
C:\Users\fangwei\Desktop\drawpcm\drawPcm\drawPcm\Debug\link.9332-cvtres.read.1.tlog
C:\Users\fangwei\Desktop\drawpcm\drawPcm\drawPcm\Debug\link.9332-cvtres.write.1.tlog
C:\Users\fangwei\Desktop\drawpcm\drawPcm\drawPcm\Debug\link.9332-rc.read.1.tlog
C:\Users\fangwei\Desktop\drawpcm\drawPcm\drawPcm\Debug\link.9332-rc.write.1.tlog
C:\Users\fangwei\Desktop\drawpcm\drawPcm\drawPcm\Debug\link.9332.read.1.tlog
C:\Users\fangwei\Desktop\drawpcm\drawPcm\drawPcm\Debug\link.9332.write.1.tlog
C:\Users\fangwei\Desktop\drawpcm\drawPcm\drawPcm\Debug\link.9340-cvtres.read.1.tlog
C:\Users\fangwei\Desktop\drawpcm\drawPcm\drawPcm\Debug\link.9340-cvtres.write.1.tlog
C:\Users\fangwei\Desktop\drawpcm\drawPcm\drawPcm\Debug\link.9340-rc.read.1.tlog
C:\Users\fangwei\Desktop\drawpcm\drawPcm\drawPcm\Debug\link.9340-rc.write.1.tlog
C:\Users\fangwei\Desktop\drawpcm\drawPcm\drawPcm\Debug\link.9340.read.1.tlog
C:\Users\fangwei\Desktop\drawpcm\drawPcm\drawPcm\Debug\link.9340.write.1.tlog
C:\Users\fangwei\Desktop\drawpcm\drawPcm\drawPcm\Debug\link.9520-cvtres.read.1.tlog
C:\Users\fangwei\Desktop\drawpcm\drawPcm\drawPcm\Debug\link.9520-cvtres.write.1.tlog
C:\Users\fangwei\Desktop\drawpcm\drawPcm\drawPcm\Debug\link.9520-rc.read.1.tlog
C:\Users\fangwei\Desktop\drawpcm\drawPcm\drawPcm\Debug\link.9520-rc.write.1.tlog
C:\Users\fangwei\Desktop\drawpcm\drawPcm\drawPcm\Debug\link.9520.read.1.tlog
C:\Users\fangwei\Desktop\drawpcm\drawPcm\drawPcm\Debug\link.9520.write.1.tlog
C:\Users\fangwei\Desktop\drawpcm\drawPcm\drawPcm\Debug\link.9528-cvtres.read.1.tlog
C:\Users\fangwei\Desktop\drawpcm\drawPcm\drawPcm\Debug\link.9528-cvtres.write.1.tlog
C:\Users\fangwei\Desktop\drawpcm\drawPcm\drawPcm\Debug\link.9528-rc.read.1.tlog
C:\Users\fangwei\Desktop\drawpcm\drawPcm\drawPcm\Debug\link.9528-rc.write.1.tlog
C:\Users\fangwei\Desktop\drawpcm\drawPcm\drawPcm\Debug\link.9528.read.1.tlog
C:\Users\fangwei\Desktop\drawpcm\drawPcm\drawPcm\Debug\link.9528.write.1.tlog
C:\Users\fangwei\Desktop\drawpcm\drawPcm\drawPcm\Debug\link.9612-cvtres.read.1.tlog
C:\Users\fangwei\Desktop\drawpcm\drawPcm\drawPcm\Debug\link.9612-cvtres.write.1.tlog
C:\Users\fangwei\Desktop\drawpcm\drawPcm\drawPcm\Debug\link.9612-rc.read.1.tlog
C:\Users\fangwei\Desktop\drawpcm\drawPcm\drawPcm\Debug\link.9612-rc.write.1.tlog
C:\Users\fangwei\Desktop\drawpcm\drawPcm\drawPcm\Debug\link.9612.read.1.tlog
C:\Users\fangwei\Desktop\drawpcm\drawPcm\drawPcm\Debug\link.9612.write.1.tlog
C:\Users\fangwei\Desktop\drawpcm\drawPcm\drawPcm\Debug\link.command.1.tlog
C:\Users\fangwei\Desktop\drawpcm\drawPcm\drawPcm\Debug\link.read.1.tlog
C:\Users\fangwei\Desktop\drawpcm\drawPcm\drawPcm\Debug\link.write.1.tlog
C:\Users\fangwei\Desktop\drawpcm\drawPcm\drawPcm\Debug\vc110.pdb
C:\Users\fangwei\Desktop\drawpcm\drawPcm\Win32\Debug\drawPcm.pdb
C:\Users\fangwei\Desktop\drawpcm\drawPcm\Win32\Debug\drawPcm.exe
C:\Users\fangwei\Desktop\drawpcm\drawPcm\Win32\Debug\drawPcm.ilk
